C51 COMPILER V9.60.0.0   TP5_BSE_LIB_CONFIG_GLOBALE                                        12/13/2022 17:42:38 PAGE 1   


C51 COMPILER V9.60.0.0, COMPILATION OF MODULE TP5_BSE_LIB_CONFIG_GLOBALE
OBJECT MODULE PLACED IN TP5_BSE_Lib_Config_Globale.OBJ
COMPILER INVOKED BY: C:\Keil_v5\C51\BIN\C51.EXE TP5_BSE_Lib_Config_Globale.c OPTIMIZE(0,SPEED) BROWSE DEBUG OBJECTEXTEND
                    - TABS(2)

line level    source

   1          /******************************************************************************
   2          ;   FILE NAME   : TP2_BSE_Lib_Config_Globale.C
   3          ;   TARGET MCUs : C8051F020, 
   4          ;   DESCRIPTION : Configurations GLOBALES pour le 8051F020
   5          ;
   6          ;   REVISION 1.0
   7          ;   Ce fichier contient les codes de configuration globale du 8051F020
   8          ;     - Configuration de l'horloge système SYSCLK
   9          ;     - Configuration des broches du 80851F020
  10          ;     - Configuration Reset et watchdog
  11          */
  12          //******************************************************************************
  13          
  14          #include "C8051F020.h"
  15          #include "c8051F020_SFR16.h"
  16          #include "TP5_BSE_Lib_Config_Globale.h"
  17          
  18          // Peripheral specific initialization functions,
  19          // Called from the Init_Device() function
  20          
  21          //-----------------------------------------------------------------------------
  22          // Dévalidation du watchdog
  23          //-----------------------------------------------------------------------------
  24          void Reset_Sources_Init()
  25          {
  26   1        // La configuration des registres WDTCN  sera étudiée plus tard
  27   1         WDTCN = 0xDE;
  28   1         WDTCN = 0XAD;
  29   1      }
  30          
  31          //-----------------------------------------------------------------------------
  32          // Configuration des Ports d'entrée-sorties
  33          //-----------------------------------------------------------------------------
  34          
  35          void Port_IO_Init()
  36          {
  37   1          // P0.0  -  TX0 (UART0)
  38   1          // P0.1  -  RX0 (UART0)
  39   1          // P0.2  -  INT0 (Tmr0)
  40   1          // P0.3  -  INT1 (Tmr1)
  41   1          // P0.4  -  T2 (Timer2)
  42   1          // P0.5  -  T2EX (Tmr2)
  43   1          // P0.6  -  T4 (Timer4)
  44   1          // P0.7  -  T4EX (Tmr4)
  45   1          // P1.0  -  SYSCLK
  46   1      
  47   1          // P1.2  to P7.7 - Mode GPIO par défaut 
  48   1       
  49   1          XBR0      = 0x04; 
  50   1          XBR1      = 0xF4; 
  51   1          XBR2      = 0x58; 
  52   1      // Config pour TX0 de UART0 - P0.0
  53   1          P0MDOUT |= (1<<0);  // P0.0  en Push Pull
  54   1      // Config pour LED
C51 COMPILER V9.60.0.0   TP5_BSE_LIB_CONFIG_GLOBALE                                        12/13/2022 17:42:38 PAGE 2   

  55   1          P1MDOUT |= (1<<6);  // P1.6  en Push Pull
  56   1      // Config pour gestion bouton poussoir
  57   1             P3 |= (1<<7); // Mise à 1 de P3.7
  58   1             P3MDOUT &= ~(1<<7); // P3.7 en Drain ouvert
  59   1      // Config pour drapeaux matériels d'interruption  
  60   1      // drapeau INT7 P2.4
  61   1              P2MDOUT |= (1<<4);  // P2.4 en Push Pull
  62   1              P2 &= ~(1<<4);       // P2.4 mis à zéro
  63   1      // drapeau INT6 P6.4        
  64   1              P74OUT |= (1<<5);   // P6.4 à P6.7 en PP       
  65   1              P6 &= ~(1<<4);       // P6.4 mis à zéro
  66   1      // drapeau INT Timer2  P3.5       
  67   1              P3MDOUT |= (1<<5);  // P3.5 en Push Pull
  68   1              P3 &= ~(1<<5);       // 3.5 mis à zéro
  69   1      // drapeau INT Timer4  P3.4
  70   1              P3MDOUT |= (1<<4);  // P3.4 en Push Pull
  71   1              P3 &= ~(1<<4);       // 3.4 mis à zéro
  72   1      // Config sortie SYSCLK
  73   1              P1MDOUT |= (1<<0);  // P1.0 en PP pour SYSCLOCK
  74   1      // Gestion SIG_OUT  P3.3
  75   1           P3MDOUT |= (1<<3);  // P3.3 en Push Pull
  76   1           P3 &= ~(1<<3);       // 3.3 mis à zéro
  77   1      //Config  P2.5 et P2.5 entrée config comptage d'évènements
  78   1           P2MDOUT &= ~((1<<5)|(1<<6)); // P2.5 et P2.6 ou OpenDrain
  79   1           P2 |= ((1<<5)|(1<<6)); // P2.5 et P2.6 en entrée
  80   1      // Config T4 - P0.6
  81   1           P0MDOUT &= ~(1<<6);  // P0.6 en Open Drain
  82   1           P0 |= (1<<6);       // 0.6 mis à un
  83   1      // drapeau INT ADC0  P3.4   VISU_INT_ADC0 
  84   1              P3MDOUT |= (1<<4);  // P3.4 en Push Pull
  85   1              P3 &= ~(1<<4);       // 3.4 mis à zéro
  86   1      
  87   1      }
  88          //******************************************************************************
  89          // Config oscillateur pour étape2
  90          void Oscillator_Init_Osc_Quartz(void)
  91          {
  92   1          int i = 0;
  93   1          OSCXCN    = 0x67;
  94   1          for (i = 0; i < 3000; i++);  // Wait 1ms for initialization
  95   1          while ((OSCXCN & 0x80) == 0);
  96   1          OSCICN    = 0x08;
  97   1      }
  98          
  99          
 100          //-----------------------------------------------------------------------------
 101          // Initialisation globale du Microcontrôleur - 
 102          //-----------------------------------------------------------------------------
 103          void Init_Device(void)
 104          {
 105   1          Reset_Sources_Init();
 106   1          Port_IO_Init();
 107   1          Oscillator_Init_Osc_Quartz();
 108   1      }
 109          
 110          
 111          


MODULE INFORMATION:   STATIC OVERLAYABLE
   CODE SIZE        =    143    ----
   CONSTANT SIZE    =   ----    ----
C51 COMPILER V9.60.0.0   TP5_BSE_LIB_CONFIG_GLOBALE                                        12/13/2022 17:42:38 PAGE 3   

   XDATA SIZE       =   ----    ----
   PDATA SIZE       =   ----    ----
   DATA SIZE        =      2    ----
   IDATA SIZE       =   ----    ----
   BIT SIZE         =   ----    ----
END OF MODULE INFORMATION.


C51 COMPILATION COMPLETE.  0 WARNING(S),  0 ERROR(S)
