C51 COMPILER V9.60.0.0   TP1_BSE_LIB_CONFIG_GLOBALE                                        11/15/2022 18:00:50 PAGE 1   


C51 COMPILER V9.60.0.0, COMPILATION OF MODULE TP1_BSE_LIB_CONFIG_GLOBALE
OBJECT MODULE PLACED IN TP1_BSE_Lib_Config_Globale.OBJ
COMPILER INVOKED BY: C:\Keil_v5\C51\BIN\C51.EXE TP1_BSE_Lib_Config_Globale.c OPTIMIZE(0,SPEED) BROWSE DEBUG OBJECTEXTEND
                    - TABS(2)

line level    source

   1          /******************************************************************************
   2          ;   FILE NAME   : TP4_Lib_Config_Globale_8051F020.C
   3          ;   TARGET MCUs : C8051F020, 
   4          ;   DESCRIPTION : Configurations GLOBALES pour le 8051F020
   5          ;
   6          ;   REVISION 1.0
   7          ;   Ce fichier contient les codes de configuration globale du 8051F020
   8          ;     - Configuration de l'horloge système SYSCLK
   9          ;     - Configuration des broches du 80851F020
  10          ;     - Configuration Reset et watchdog
  11          */
  12          //******************************************************************************
  13          
  14          #include "C8051F020.h"
  15          #include "c8051F020_SFR16.h"
  16          #include "TP1_BSE_Lib_Config_Globale.h"
  17          
  18          // Peripheral specific initialization functions,
  19          // Called from the Init_Device() function
  20          
  21          //-----------------------------------------------------------------------------
  22          // Dévalidation du watchdog
  23          //-----------------------------------------------------------------------------
  24          void Reset_Sources_Init()
  25          {
  26   1        // La configuration des registres WDTCN  sera étudiée plus tard
  27   1         WDTCN = 0xDE;
  28   1         WDTCN = 0XAD;
  29   1      }
  30          
  31          //-----------------------------------------------------------------------------
  32          // Configuration des Ports d'entrée-sorties
  33          //-----------------------------------------------------------------------------
  34          
  35          void Port_IO_Init()
  36          {
  37   1          // P0.0  -  Congiguration PIO - TX0 (UART0)
  38   1          // P0.1  -  Congiguration PIO - RX0 (UART0)
  39   1          // P0.2  -  Congiguration PIO - INT0 (Tmr0)
  40   1          // P0.3  -  Congiguration PIO - INT1 (Tmr1)
  41   1          // P0.4  to P7.7 - Mode GPIO par défaut 
  42   1       
  43   1      // La configuration des registres XBR sera étudiée plus tard
  44   1          XBR0      = 0x04; // Configuration Hors du cadre TP1-BSE
  45   1          XBR1      = 0x14; // Configuration Hors du cadre TP1-BSE
  46   1          XBR2      = 0x40; // Configuration Hors du cadre TP1-BSE
  47   1      
  48   1      
  49   1          P1MDOUT |= (1<<6);  // P1.6  en Push Pull
  50   1        
  51   1      // La configuration qui suit n'a qu'un intêret pédagogique... 
  52   1          P3 = 0;
  53   1          P3MDOUT = 0xFF;
  54   1      // Fin de la config à intêret pédagogique
C51 COMPILER V9.60.0.0   TP1_BSE_LIB_CONFIG_GLOBALE                                        11/15/2022 18:00:50 PAGE 2   

  55   1      }
  56          
  57          
  58          
  59          //-----------------------------------------------------------------------------
  60          // Initialisation globale du Microcontrôleur - 
  61          //-----------------------------------------------------------------------------
  62          void Init_Device(void)
  63          {
  64   1          Reset_Sources_Init();
  65   1          Port_IO_Init();
  66   1      }
  67          
  68          
  69          


MODULE INFORMATION:   STATIC OVERLAYABLE
   CODE SIZE        =     33    ----
   CONSTANT SIZE    =   ----    ----
   XDATA SIZE       =   ----    ----
   PDATA SIZE       =   ----    ----
   DATA SIZE        =   ----    ----
   IDATA SIZE       =   ----    ----
   BIT SIZE         =   ----    ----
END OF MODULE INFORMATION.


C51 COMPILATION COMPLETE.  0 WARNING(S),  0 ERROR(S)
